mongodb connected success
Port 3000 is already in use
[0mGET /login/islogin [36m304 [0m6.347 ms - -[0m
[0mGET /collect/pictureList [36m304 [0m25.320 ms - -[0m
[0mGET /images/2/1575981162676.jpg [36m304 [0m4.750 ms - -[0m
[0mGET /images/3/1576017417931.JPG [36m304 [0m9.519 ms - -[0m
[0mGET /login/islogin [36m304 [0m0.691 ms - -[0m
5def906a12b9274583580165
[0mGET /pictureDetail?id=5def906a12b9274583580165 [36m304 [0m8.360 ms - -[0m
[0mGET /images/2/1575981162677.jpg [36m304 [0m1.717 ms - -[0m
[0mGET /images/2/1575981162676.jpg [36m304 [0m6.055 ms - -[0m
[0mGET /images/3/1576017417931.JPG [36m304 [0m7.572 ms - -[0m
5def906a12b9274583580165
[0mGET /pictureDetail?id=5def906a12b9274583580165 [36m304 [0m27.601 ms - -[0m
[0mGET /login/islogin [36m304 [0m0.545 ms - -[0m
[0mGET /images/2/1575981162677.jpg [36m304 [0m2.268 ms - -[0m
[0mGET /images/2/1575981162676.jpg [36m304 [0m3.481 ms - -[0m
[0mGET /images/3/1576017417931.JPG [36m304 [0m3.524 ms - -[0m
5df01e099118af5d34d93103
[0mGET /pictureDetail?id=5df01e099118af5d34d93103 [36m304 [0m5.489 ms - -[0m
[0mGET /login/islogin [36m304 [0m0.276 ms - -[0m
[0mGET /images/3/1576017417933.JPG [36m304 [0m2.450 ms - -[0m
[0mGET /images/2/1575981162676.jpg [36m304 [0m2.882 ms - -[0m
[0mGET /images/3/1576017417931.JPG [36m304 [0m3.027 ms - -[0m
5def906a12b9274583580165
[0mGET /pictureDetail?id=5def906a12b9274583580165 [36m304 [0m2.882 ms - -[0m
[0mGET /login/islogin [36m304 [0m0.402 ms - -[0m
[0mGET /images/2/1575981162677.jpg [36m304 [0m2.290 ms - -[0m
[0mPOST /collect [32m200 [0m20.795 ms - 54[0m
[0mGET /images/2/1575981162676.jpg [36m304 [0m3.232 ms - -[0m
[0mGET /images/3/1576017417931.JPG [36m304 [0m1.899 ms - -[0m
[0mGET /login/islogin [36m304 [0m0.321 ms - -[0m
5df01e099118af5d34d93103
[0mGET /pictureDetail?id=5df01e099118af5d34d93103 [36m304 [0m2.279 ms - -[0m
[0mGET /images/3/1576017417933.JPG [36m304 [0m1.251 ms - -[0m
[0mPOST /collect [32m200 [0m2.632 ms - 54[0m
[0mGET /images/2/1575981162676.jpg [36m304 [0m2.456 ms - -[0m
[0mGET /images/3/1576017417931.JPG [36m304 [0m1.200 ms - -[0m
[0mGET /login/islogin [36m304 [0m0.284 ms - -[0m
[0mGET /collect/pictureList [36m304 [0m2.763 ms - -[0m
[0mGET /images/2/1575981162676.jpg [36m304 [0m2.533 ms - -[0m
[0mGET /images/3/1576017417931.JPG [36m304 [0m1.322 ms - -[0m
5def906a12b9274583580165
[0mGET /pictureDetail?id=5def906a12b9274583580165 [36m304 [0m4.868 ms - -[0m
[0mGET /login/islogin [36m304 [0m0.291 ms - -[0m
[0mGET /images/2/1575981162677.jpg [36m304 [0m1.901 ms - -[0m
[0mGET /images/2/1575981162676.jpg [36m304 [0m6.759 ms - -[0m
[0mGET /images/3/1576017417931.JPG [36m304 [0m1.786 ms - -[0m
5df01e099118af5d34d93103
[0mGET /pictureDetail?id=5df01e099118af5d34d93103 [36m304 [0m4.211 ms - -[0m
[0mGET /login/islogin [36m304 [0m0.290 ms - -[0m
[0mGET /images/3/1576017417933.JPG [36m304 [0m1.100 ms - -[0m
[0mGET /images/2/1575981162676.jpg [36m304 [0m4.940 ms - -[0m
[0mGET /images/3/1576017417931.JPG [36m304 [0m4.428 ms - -[0m
[0mGET /login/islogin [36m304 [0m0.341 ms - -[0m
5def906a12b9274583580165
[0mGET /pictureDetail?id=5def906a12b9274583580165 [36m304 [0m2.308 ms - -[0m
[0mGET /images/2/1575981162677.jpg [36m304 [0m1.432 ms - -[0m
[0mGET /images/2/1575981162676.jpg [36m304 [0m1.139 ms - -[0m
[0mGET /images/3/1576017417931.JPG [36m304 [0m1.424 ms - -[0m
[0mGET /login/islogin [36m304 [0m0.571 ms - -[0m
5def906a12b9274583580165
[0mGET /pictureDetail?id=5def906a12b9274583580165 [36m304 [0m2.263 ms - -[0m
[0mGET /images/2/1575981162677.jpg [36m304 [0m2.203 ms - -[0m
[0mGET /images/2/1575981162676.jpg [36m304 [0m6.074 ms - -[0m
[0mGET /images/3/1576017417931.JPG [36m304 [0m1.764 ms - -[0m
[0mGET /login/islogin [36m304 [0m0.541 ms - -[0m
5df01e099118af5d34d93103
[0mGET /pictureDetail?id=5df01e099118af5d34d93103 [36m304 [0m2.477 ms - -[0m
[0mGET /images/3/1576017417933.JPG [36m304 [0m2.064 ms - -[0m
[0mGET /images/2/1575981162676.jpg [36m304 [0m3.691 ms - -[0m
[0mGET /images/3/1576017417931.JPG [36m304 [0m4.060 ms - -[0m
[0mGET /login/islogin [36m304 [0m0.471 ms - -[0m
[0mGET /collect/pictureList [36m304 [0m4.425 ms - -[0m
[0mGET /images/2/1575981162676.jpg [36m304 [0m2.043 ms - -[0m
[0mGET /images/3/1576017417931.JPG [36m304 [0m1.488 ms - -[0m
[0mGET /login/islogin [36m304 [0m0.302 ms - -[0m
[0mGET /pictureType?type=new&perPage=4&page=1%26tel [36m304 [0m7.127 ms - -[0m
[0mGET /images/2/1575981162676.jpg [36m304 [0m5.634 ms - -[0m
[0mGET /images/3/1576017417931.JPG [36m304 [0m1.676 ms - -[0m
[0mGET /login/islogin [36m304 [0m0.718 ms - -[0m
5def906a12b9274583580165
[0mGET /pictureDetail?id=5def906a12b9274583580165 [36m304 [0m2.296 ms - -[0m
[0mGET /images/2/1575981162677.jpg [36m304 [0m4.803 ms - -[0m
[0mGET /images/3/1576017417931.JPG [36m304 [0m3.019 ms - -[0m
[0mGET /images/2/1575981162676.jpg [36m304 [0m1.759 ms - -[0m
[0mGET /login/islogin [36m304 [0m0.341 ms - -[0m
5df01e099118af5d34d93103
[0mGET /pictureDetail?id=5df01e099118af5d34d93103 [36m304 [0m8.643 ms - -[0m
[0mGET /images/3/1576017417933.JPG [36m304 [0m1.432 ms - -[0m
[0mGET /images/3/1576017417931.JPG [36m304 [0m2.225 ms - -[0m
[0mGET /images/2/1575981162676.jpg [36m304 [0m1.674 ms - -[0m
[0mGET /pictureType?type=meixiong&perPage=4&page=1 [32m200 [0m3.451 ms - 70[0m
[0mGET /pictureType?type=baotunqun&perPage=4&page=1 [36m304 [0m2.054 ms - -[0m
[0mGET /pictureType?type=chaoduanku&perPage=4&page=1 [36m304 [0m5.122 ms - -[0m
[0mGET /images/2/1575981162676.jpg [36m304 [0m1.279 ms - -[0m
[0mGET /pictureType?type=niuzaiku&perPage=4&page=1 [32m200 [0m5.154 ms - 235[0m
[0mGET /images/3/1576017417931.JPG [36m304 [0m1.545 ms - -[0m
[0mGET /images/3/1576017417931.JPG [32m200 [0m4.401 ms - 86527[0m
[0mGET /pictureType?type=niuzaiku&perPage=4&page=1 [36m304 [0m3.221 ms - -[0m
[0mGET /images/3/1576017417931.JPG [36m304 [0m1.281 ms - -[0m
[0mGET /pictureType?type=niuzaiku&perPage=4&page=1 [36m304 [0m3.856 ms - -[0m
[0mGET /images/3/1576017417931.JPG [36m304 [0m1.472 ms - -[0m
[0mGET /pictureType?type=niuzaiku&perPage=4&page=1 [32m200 [0m7.789 ms - 235[0m
[0mGET /images/3/1576017417931.JPG [32m200 [0m1.193 ms - 86527[0m
[0mGET /pictureType?type=niuzaiku&perPage=4&page=1 [36m304 [0m3.203 ms - -[0m
[0mGET /images/3/1576017417931.JPG [36m304 [0m0.502 ms - -[0m
[0mGET /pictureType?type=niuzaiku&perPage=4&page=1 [36m304 [0m6.087 ms - -[0m
[0mGET /images/3/1576017417931.JPG [36m304 [0m0.434 ms - -[0m
[0mGET /pictureType?type=niuzaiku&perPage=4&page=1 [36m304 [0m6.115 ms - -[0m
[0mGET /images/3/1576017417931.JPG [36m304 [0m0.365 ms - -[0m
[0mGET /login/islogin [32m200 [0m0.305 ms - 51[0m
[0mGET /pictureType?type=new&perPage=4&page=1 [32m200 [0m4.140 ms - 402[0m
[0mGET /images/3/1576017417931.JPG [36m304 [0m1.174 ms - -[0m
[0mGET /images/2/1575981162676.jpg [32m200 [0m1.959 ms - 27941[0m
[0mGET /pictureType?type=new&perPage=4&page=1 [36m304 [0m16.215 ms - -[0m
[0mGET /images/2/1575981162676.jpg [36m304 [0m0.434 ms - -[0m
[0mGET /images/3/1576017417931.JPG [36m304 [0m0.284 ms - -[0m
[0mGET /pictureType?type=new&perPage=4&page=1 [36m304 [0m31.504 ms - -[0m
[0mGET /images/2/1575981162676.jpg [36m304 [0m0.467 ms - -[0m
[0mGET /images/3/1576017417931.JPG [36m304 [0m0.227 ms - -[0m
[0mGET /pictureType?type=new&perPage=4&page=1 [36m304 [0m3.606 ms - -[0m
[0mGET /images/2/1575981162676.jpg [36m304 [0m0.417 ms - -[0m
[0mGET /images/3/1576017417931.JPG [36m304 [0m2.865 ms - -[0m
[0mGET /pictureType?type=new&perPage=4&page=1 [36m304 [0m5.916 ms - -[0m
[0mGET /images/2/1575981162676.jpg [36m304 [0m0.463 ms - -[0m
[0mGET /images/3/1576017417931.JPG [36m304 [0m0.251 ms - -[0m
[0mGET /pictureType?type=new&perPage=4&page=1 [36m304 [0m17.036 ms - -[0m
[0mGET /images/2/1575981162676.jpg [36m304 [0m0.425 ms - -[0m
[0mGET /images/3/1576017417931.JPG [36m304 [0m0.301 ms - -[0m
[0mGET /pictureType?type=new&perPage=4&page=1 [36m304 [0m4.309 ms - -[0m
[0mGET /images/2/1575981162676.jpg [36m304 [0m0.541 ms - -[0m
[0mGET /images/3/1576017417931.JPG [36m304 [0m0.314 ms - -[0m
[0mGET /pictureType?type=new&perPage=4&page=1 [36m304 [0m4.045 ms - -[0m
[0mGET /images/2/1575981162676.jpg [36m304 [0m0.467 ms - -[0m
[0mGET /images/3/1576017417931.JPG [36m304 [0m0.651 ms - -[0m
[0mGET /login/islogin [36m304 [0m0.277 ms - -[0m
request data:  { host: 'yun.tim.qq.com',
  path: '/v5/tlssmssvr/sendsms?sdkappid=1400283544&random=7579',
  method: 'POST',
  headers: { 'Content-Type': 'application/json' },
  body: 
   { tel: { nationcode: '86', mobile: '18515471826' },
     sign: '宁乡艾客访网络工作室',
     tpl_id: 477456,
     params: [ 8398, 1 ],
     sig: 'd21d94e5f17c540e1e92cfa3903d80ea9ddcb21d7480c5a3fe8636ce43b63681',
     time: 1576017905,
     extend: '',
     ext: '' } }
response data:  { result: 1024, errmsg: '手机号1小时频率限制', ext: '' }
[0mGET /pictureType?type=chaoduanku&perPage=4&page=1 [36m304 [0m2.973 ms - -[0m
[0mGET /images/2/1575981162676.jpg [36m304 [0m2.626 ms - -[0m
[0mGET /pictureType?type=niuzaiku&perPage=4&page=1 [36m304 [0m3.993 ms - -[0m
[0mGET /images/3/1576017417931.JPG [36m304 [0m5.510 ms - -[0m
[0mGET /pictureType?type=chaoduanku&perPage=4&page=1 [36m304 [0m3.972 ms - -[0m
[0mGET /images/2/1575981162676.jpg [36m304 [0m1.302 ms - -[0m
[0mPOST /login/getCode [0m- [0m- ms - -[0m
[0mGET /login/islogin [36m304 [0m0.418 ms - -[0m
[0mGET /login/islogin [36m304 [0m0.302 ms - -[0m
[0mGET /pictureType?type=new&perPage=4&page=1 [32m200 [0m4.543 ms - 402[0m
[0mGET /images/2/1575981162676.jpg [36m304 [0m0.356 ms - -[0m
[0mGET /images/3/1576017417931.JPG [36m304 [0m0.306 ms - -[0m
[0mGET /pictureType?type=new&perPage=4&page=1 [32m200 [0m4.885 ms - 402[0m
[0mGET /images/2/1575981162676.jpg [36m304 [0m0.633 ms - -[0m
[0mGET /images/3/1576017417931.JPG [36m304 [0m0.689 ms - -[0m
[0mGET /pictureType?type=new&perPage=4&page=1 [36m304 [0m4.126 ms - -[0m
[0mGET /images/3/1576017417931.JPG [36m304 [0m0.661 ms - -[0m
[0mGET /images/2/1575981162676.jpg [36m304 [0m0.739 ms - -[0m
[0mGET /pictureType?type=niuzaiku&perPage=4&page=1 [36m304 [0m7.763 ms - -[0m
[0mGET /images/3/1576017417931.JPG [36m304 [0m0.389 ms - -[0m
[0mGET /pictureType?type=niuzaiku&perPage=4&page=1 [36m304 [0m4.197 ms - -[0m
[0mGET /images/3/1576017417931.JPG [36m304 [0m1.370 ms - -[0m
[0mGET /pictureType?type=niuzaiku&perPage=4&page=1 [36m304 [0m2.988 ms - -[0m
[0mGET /images/3/1576017417931.JPG [36m304 [0m0.582 ms - -[0m
[0mGET /pictureType?type=niuzaiku&perPage=4&page=1 [32m200 [0m3.233 ms - 235[0m
[0mGET /images/3/1576017417931.JPG [32m200 [0m1.548 ms - 86527[0m
[0mGET /pictureType?type=niuzaiku&perPage=4&page=1 [36m304 [0m4.068 ms - -[0m
[0mGET /images/3/1576017417931.JPG [36m304 [0m0.446 ms - -[0m
[0mGET /pictureType?type=niuzaiku&perPage=4&page=1 [36m304 [0m3.275 ms - -[0m
[0mGET /images/3/1576017417931.JPG [36m304 [0m1.695 ms - -[0m
[0mGET /pictureType?type=niuzaiku&perPage=4&page=1 [36m304 [0m4.676 ms - -[0m
[0mGET /images/3/1576017417931.JPG [36m304 [0m0.355 ms - -[0m
[0mGET /pictureType?type=niuzaiku&perPage=4&page=1 [36m304 [0m2.585 ms - -[0m
[0mGET /images/3/1576017417931.JPG [36m304 [0m0.352 ms - -[0m
[0mGET /pictureType?type=niuzaiku&perPage=4&page=1 [36m304 [0m3.870 ms - -[0m
[0mGET /images/3/1576017417931.JPG [36m304 [0m0.516 ms - -[0m
[0mGET /pictureType?type=niuzaiku&perPage=4&page=1 [36m304 [0m4.069 ms - -[0m
[0mGET /images/3/1576017417931.JPG [36m304 [0m0.317 ms - -[0m
[0mGET /login/islogin [32m200 [0m0.340 ms - 51[0m
[0mGET /login/islogin [36m304 [0m0.249 ms - -[0m
[0mGET /pictureType?type=new&perPage=4&page=1 [32m200 [0m3.995 ms - 402[0m
[0mGET /images/2/1575981162676.jpg [32m200 [0m1.974 ms - 27941[0m
[0mGET /images/3/1576017417931.JPG [36m304 [0m0.990 ms - -[0m
[0mGET /pictureType?type=new&perPage=4&page=1 [36m304 [0m4.157 ms - -[0m
[0mGET /images/3/1576017417931.JPG [36m304 [0m1.412 ms - -[0m
[0mGET /images/2/1575981162676.jpg [36m304 [0m0.486 ms - -[0m
[0mGET /pictureType?type=new&perPage=4&page=1 [36m304 [0m4.671 ms - -[0m
[0mGET /images/3/1576017417931.JPG [36m304 [0m0.555 ms - -[0m
[0mGET /images/2/1575981162676.jpg [36m304 [0m0.463 ms - -[0m
[0mGET /pictureType?type=new&perPage=4&page=1 [36m304 [0m4.799 ms - -[0m
[0mGET /images/3/1576017417931.JPG [36m304 [0m1.554 ms - -[0m
[0mGET /images/2/1575981162676.jpg [36m304 [0m1.237 ms - -[0m
[0mGET /login/islogin [36m304 [0m0.324 ms - -[0m
[0mGET /login/islogin [36m304 [0m0.318 ms - -[0m
[0mGET /pictureType?type=new&perPage=4&page=1 [36m304 [0m3.882 ms - -[0m
[0mGET /images/3/1576017417931.JPG [36m304 [0m0.596 ms - -[0m
[0mGET /images/2/1575981162676.jpg [36m304 [0m0.469 ms - -[0m
[0mGET /pictureType?type=new&perPage=4&page=1 [36m304 [0m3.993 ms - -[0m
[0mGET /images/3/1576017417931.JPG [36m304 [0m1.698 ms - -[0m
[0mGET /images/2/1575981162676.jpg [36m304 [0m1.528 ms - -[0m
[0mGET /pictureType?type=new&perPage=4&page=1 [36m304 [0m5.283 ms - -[0m
[0mGET /images/3/1576017417931.JPG [36m304 [0m0.618 ms - -[0m
[0mGET /images/2/1575981162676.jpg [36m304 [0m0.727 ms - -[0m
[0mGET /pictureType?type=new&perPage=4&page=1 [36m304 [0m3.872 ms - -[0m
[0mGET /images/3/1576017417931.JPG [36m304 [0m0.401 ms - -[0m
[0mGET /images/2/1575981162676.jpg [36m304 [0m0.234 ms - -[0m
[0mGET /pictureType?type=new&perPage=4&page=1 [36m304 [0m3.957 ms - -[0m
[0mGET /images/3/1576017417931.JPG [36m304 [0m0.340 ms - -[0m
[0mGET /images/2/1575981162676.jpg [36m304 [0m0.322 ms - -[0m
[0mGET /pictureType?type=new&perPage=4&page=1 [36m304 [0m4.578 ms - -[0m
[0mGET /images/3/1576017417931.JPG [36m304 [0m0.431 ms - -[0m
[0mGET /images/2/1575981162676.jpg [36m304 [0m3.320 ms - -[0m
[0mGET /pictureType?type=new&perPage=4&page=1 [36m304 [0m2.978 ms - -[0m
[0mGET /images/3/1576017417931.JPG [36m304 [0m0.577 ms - -[0m
[0mGET /images/2/1575981162676.jpg [36m304 [0m0.383 ms - -[0m
[0mGET /pictureType?type=new&perPage=4&page=1 [36m304 [0m4.193 ms - -[0m
[0mGET /images/3/1576017417931.JPG [36m304 [0m0.506 ms - -[0m
[0mGET /images/2/1575981162676.jpg [36m304 [0m0.351 ms - -[0m
[0mGET /pictureType?type=new&perPage=4&page=1 [36m304 [0m4.237 ms - -[0m
[0mGET /images/2/1575981162676.jpg [36m304 [0m0.508 ms - -[0m
[0mGET /images/3/1576017417931.JPG [36m304 [0m0.260 ms - -[0m
[0mGET /pictureType?type=new&perPage=4&page=1 [36m304 [0m3.676 ms - -[0m
[0mGET /images/2/1575981162676.jpg [36m304 [0m0.586 ms - -[0m
[0mGET /images/3/1576017417931.JPG [36m304 [0m0.346 ms - -[0m
[0mGET /pictureType?type=new&perPage=4&page=1 [36m304 [0m7.276 ms - -[0m
[0mGET /images/2/1575981162676.jpg [36m304 [0m0.441 ms - -[0m
[0mGET /images/3/1576017417931.JPG [36m304 [0m0.256 ms - -[0m
[0mGET /pictureType?type=new&perPage=4&page=1 [36m304 [0m3.620 ms - -[0m
[0mGET /images/2/1575981162676.jpg [36m304 [0m0.464 ms - -[0m
[0mGET /images/3/1576017417931.JPG [36m304 [0m0.255 ms - -[0m
[0mGET /pictureType?type=new&perPage=4&page=1 [36m304 [0m4.613 ms - -[0m
[0mGET /images/2/1575981162676.jpg [36m304 [0m0.594 ms - -[0m
[0mGET /images/3/1576017417931.JPG [36m304 [0m0.240 ms - -[0m
[0mGET /pictureType?type=baotunqun&perPage=4&page=1 [36m304 [0m2.197 ms - -[0m
[0mGET /pictureType?type=niuzaiku&perPage=4&page=1 [36m304 [0m2.786 ms - -[0m
[0mGET /images/3/1576017417931.JPG [36m304 [0m1.210 ms - -[0m
[0mGET /pictureType?type=chaoduanku&perPage=4&page=1 [36m304 [0m3.178 ms - -[0m
[0mGET /images/2/1575981162676.jpg [36m304 [0m2.087 ms - -[0m
[0mGET /login/islogin [36m304 [0m0.419 ms - -[0m
[0mGET /collect/pictureList [36m304 [0m3.873 ms - -[0m
[0mGET /images/2/1575981162676.jpg [36m304 [0m1.313 ms - -[0m
[0mGET /images/3/1576017417931.JPG [36m304 [0m1.459 ms - -[0m
[0mGET /login/islogin [36m304 [0m0.358 ms - -[0m
[0mGET /collect/pictureList [36m304 [0m2.721 ms - -[0m
[0mGET /images/2/1575981162676.jpg [36m304 [0m1.509 ms - -[0m
[0mGET /images/3/1576017417931.JPG [36m304 [0m1.080 ms - -[0m
[0mGET /login/islogin [36m304 [0m0.269 ms - -[0m
[0mGET /pictureType?type=new&perPage=4&page=1%26tel [36m304 [0m6.511 ms - -[0m
[0mGET /images/2/1575981162676.jpg [36m304 [0m1.744 ms - -[0m
[0mGET /images/3/1576017417931.JPG [36m304 [0m1.537 ms - -[0m
[0mGET /pictureType?type=meitui&perPage=4&page=1 [36m304 [0m2.580 ms - -[0m
[0mGET /pictureType?type=zipai&perPage=4&page=1 [36m304 [0m5.919 ms - -[0m
[0mGET /pictureType?type=chaoduanku&perPage=4&page=1 [36m304 [0m4.405 ms - -[0m
[0mGET /images/2/1575981162676.jpg [36m304 [0m1.625 ms - -[0m
[0mGET /pictureType?type=meixiong&perPage=4&page=1 [36m304 [0m3.827 ms - -[0m
[0mGET /pictureType?type=mote&perPage=4&page=1 [32m200 [0m3.783 ms - 70[0m
[0mGET /pictureType?type=baotunqun&perPage=4&page=1 [36m304 [0m1.994 ms - -[0m
[0mGET /pictureType?type=chaoduanku&perPage=4&page=1 [36m304 [0m2.447 ms - -[0m
[0mGET /images/2/1575981162676.jpg [36m304 [0m4.662 ms - -[0m
[0mGET /login/islogin [36m304 [0m0.388 ms - -[0m
5def906a12b9274583580165
[0mGET /pictureDetail?id=5def906a12b9274583580165 [36m304 [0m4.827 ms - -[0m
[0mGET /images/2/1575981162677.jpg [36m304 [0m1.258 ms - -[0m
[0mPOST /collect [32m200 [0m2.909 ms - 54[0m
[0mGET /images/2/1575981162676.jpg [36m304 [0m1.427 ms - -[0m
[0mGET /pictureType?type=baotunqun&perPage=4&page=1 [36m304 [0m2.021 ms - -[0m
[0mGET /pictureType?type=niuzaiku&perPage=4&page=1 [36m304 [0m4.567 ms - -[0m
[0mGET /images/3/1576017417931.JPG [36m304 [0m1.156 ms - -[0m
[0mGET /pictureType?type=meitui&perPage=4&page=1 [36m304 [0m2.470 ms - -[0m
[0mGET /pictureType?type=mote&perPage=4&page=1 [36m304 [0m2.534 ms - -[0m
[0mGET /pictureType?type=new&perPage=4&page=1 [32m200 [0m4.516 ms - 402[0m
[0mGET /images/2/1575981162676.jpg [36m304 [0m10.083 ms - -[0m
[0mGET /images/3/1576017417931.JPG [36m304 [0m4.575 ms - -[0m
[0mGET /login/islogin [36m304 [0m0.399 ms - -[0m
[0mGET /collect/pictureList [36m304 [0m1.671 ms - -[0m
[0mGET /images/3/1576017417931.JPG [36m304 [0m8.868 ms - -[0m
[0mGET /images/2/1575981162676.jpg [36m304 [0m12.969 ms - -[0m
[0mGET /login/islogin [36m304 [0m0.378 ms - -[0m
[0mGET /pictureType?type=new&perPage=4&page=1%26tel [36m304 [0m3.606 ms - -[0m
[0mGET /images/2/1575981162676.jpg [36m304 [0m2.016 ms - -[0m
[0mGET /images/3/1576017417931.JPG [36m304 [0m6.244 ms - -[0m
[0mGET /pictureType?type=baotunqun&perPage=4&page=1 [36m304 [0m2.349 ms - -[0m
[0mGET /login/islogin [36m304 [0m0.425 ms - -[0m
[0mGET /pictureType?type=new&perPage=4&page=1%26tel [36m304 [0m3.143 ms - -[0m
[0mGET /images/2/1575981162676.jpg [36m304 [0m1.425 ms - -[0m
[0mGET /images/3/1576017417931.JPG [36m304 [0m1.335 ms - -[0m
[0mGET /login/islogin [36m304 [0m0.436 ms - -[0m
[0mGET /collect/pictureList [36m304 [0m1.908 ms - -[0m
[0mGET /images/2/1575981162676.jpg [36m304 [0m2.852 ms - -[0m
[0mGET /images/3/1576017417931.JPG [36m304 [0m1.027 ms - -[0m
5df01e099118af5d34d93103
[0mGET /pictureDetail?id=5df01e099118af5d34d93103 [36m304 [0m8.044 ms - -[0m
[0mGET /login/islogin [36m304 [0m0.554 ms - -[0m
[0mPOST /collect [32m200 [0m2.936 ms - 54[0m
[0mGET /images/3/1576017417933.JPG [36m304 [0m1.671 ms - -[0m
[0mGET /images/2/1575981162676.jpg [36m304 [0m1.571 ms - -[0m
[0mGET /images/3/1576017417931.JPG [36m304 [0m1.295 ms - -[0m
[0mGET /login/islogin [36m304 [0m0.557 ms - -[0m
[0mGET /login/islogin [36m304 [0m1.366 ms - -[0m
[0mGET /collect/pictureList [36m304 [0m5.437 ms - -[0m
[0mGET /images/2/1575981162676.jpg [36m304 [0m1.386 ms - -[0m
[0mGET /images/3/1576017417931.JPG [36m304 [0m1.799 ms - -[0m
[0mGET /login/islogin [36m304 [0m0.360 ms - -[0m
[0mGET /pictureType?type=new&perPage=4&page=1%26tel [36m304 [0m9.256 ms - -[0m
[0mGET /images/2/1575981162676.jpg [36m304 [0m2.232 ms - -[0m
[0mGET /images/3/1576017417931.JPG [36m304 [0m2.155 ms - -[0m
[0mGET /login/islogin [36m304 [0m0.816 ms - -[0m
[0mGET /collect/pictureList [36m304 [0m2.686 ms - -[0m
[0mGET /images/3/1576017417931.JPG [36m304 [0m2.934 ms - -[0m
[0mGET /images/2/1575981162676.jpg [36m304 [0m2.156 ms - -[0m
[0mGET /login/islogin [36m304 [0m0.460 ms - -[0m
[0mGET /pictureType?type=new&perPage=4&page=1%26tel [36m304 [0m6.591 ms - -[0m
[0mGET /images/2/1575981162676.jpg [36m304 [0m2.823 ms - -[0m
[0mGET /images/3/1576017417931.JPG [36m304 [0m1.817 ms - -[0m
[0mGET /login/islogin [36m304 [0m0.543 ms - -[0m
[0mGET /collect/pictureList [36m304 [0m3.351 ms - -[0m
[0mGET /images/2/1575981162676.jpg [36m304 [0m4.034 ms - -[0m
[0mGET /images/3/1576017417931.JPG [36m304 [0m3.440 ms - -[0m
[0mGET /login/islogin [36m304 [0m0.493 ms - -[0m
[0mGET /login/islogin [36m304 [0m0.852 ms - -[0m
[0mGET /pictureType?type=new&perPage=4&page=1%26tel [36m304 [0m23.835 ms - -[0m
[0mGET /images/2/1575981162676.jpg [36m304 [0m2.026 ms - -[0m
[0mGET /images/3/1576017417931.JPG [36m304 [0m2.046 ms - -[0m
[0mGET /login/islogin [36m304 [0m0.478 ms - -[0m
[0mGET /collect/pictureList [36m304 [0m2.313 ms - -[0m
[0mGET /images/2/1575981162676.jpg [36m304 [0m2.345 ms - -[0m
[0mGET /images/3/1576017417931.JPG [36m304 [0m1.500 ms - -[0m
[0mGET /login/islogin [36m304 [0m0.378 ms - -[0m
5df01e099118af5d34d93103
[0mGET /pictureDetail?id=5df01e099118af5d34d93103 [36m304 [0m2.467 ms - -[0m
[0mGET /images/3/1576017417933.JPG [36m304 [0m1.361 ms - -[0m
[0mGET /images/2/1575981162676.jpg [36m304 [0m2.625 ms - -[0m
[0mGET /images/3/1576017417931.JPG [36m304 [0m1.277 ms - -[0m
5def906a12b9274583580165
[0mGET /login/islogin [36m304 [0m0.310 ms - -[0m
[0mGET /pictureDetail?id=5def906a12b9274583580165 [36m304 [0m3.142 ms - -[0m
[0mGET /images/2/1575981162677.jpg [36m304 [0m5.272 ms - -[0m
[0mGET /images/3/1576017417931.JPG [36m304 [0m5.070 ms - -[0m
[0mGET /images/2/1575981162676.jpg [36m304 [0m4.188 ms - -[0m
[0mGET /login/islogin [36m304 [0m0.341 ms - -[0m
5def906a12b9274583580165
[0mGET /pictureDetail?id=5def906a12b9274583580165 [36m304 [0m2.801 ms - -[0m
[0mGET /images/2/1575981162677.jpg [36m304 [0m1.639 ms - -[0m
[0mPOST /collect [32m200 [0m2.514 ms - 54[0m
[0mPOST /collect [32m200 [0m4.273 ms - 54[0m
[0mPOST /collect [32m200 [0m1.871 ms - 54[0m
[0mPOST /collect [32m200 [0m2.602 ms - 54[0m
[0mPOST /collect [32m200 [0m2.268 ms - 54[0m
[0mPOST /collect [32m200 [0m2.614 ms - 54[0m
[0mPOST /collect [32m200 [0m3.262 ms - 54[0m
[0mPOST /collect [32m200 [0m3.052 ms - 54[0m
[0mPOST /collect [32m200 [0m2.009 ms - 54[0m
[0mPOST /collect [32m200 [0m2.583 ms - 54[0m
[0mPOST /collect [32m200 [0m2.254 ms - 54[0m
[0mPOST /collect [32m200 [0m1.766 ms - 54[0m
[0mPOST /collect [32m200 [0m2.101 ms - 54[0m
[0mPOST /collect [32m200 [0m5.079 ms - 54[0m
[0mPOST /collect [32m200 [0m6.020 ms - 54[0m
[0mPOST /collect [32m200 [0m13.371 ms - 54[0m
[0mGET /images/3/1576017417931.JPG [36m304 [0m1.947 ms - -[0m
[0mGET /images/2/1575981162676.jpg [36m304 [0m1.656 ms - -[0m
[0mGET /login/islogin [36m304 [0m0.286 ms - -[0m
5df01e099118af5d34d93103
[0mGET /pictureDetail?id=5df01e099118af5d34d93103 [36m304 [0m1.858 ms - -[0m
[0mGET /images/3/1576017417933.JPG [36m304 [0m1.246 ms - -[0m
[0mGET /images/3/1576017417931.JPG [36m304 [0m1.604 ms - -[0m
[0mGET /images/2/1575981162676.jpg [36m304 [0m1.766 ms - -[0m
[0mGET /collect/pictureList [0m- [0m- ms - -[0m
[0mGET /login/islogin [32m200 [0m0.329 ms - 51[0m
[0mGET /login/islogin [36m304 [0m0.317 ms - -[0m
[0mGET /pictureType?type=new&perPage=4&page=1 [32m200 [0m4.135 ms - 402[0m
[0mGET /images/2/1575981162676.jpg [32m200 [0m1.156 ms - 27941[0m
[0mGET /images/3/1576017417931.JPG [32m200 [0m0.688 ms - 86527[0m
[0mGET /pictureType?type=baotunqun&perPage=4&page=1 [32m200 [0m2.163 ms - 70[0m
[0mGET /pictureType?type=meitui&perPage=4&page=1 [32m200 [0m3.154 ms - 70[0m
[0mGET /pictureType?type=zipai&perPage=4&page=1 [32m200 [0m8.130 ms - 70[0m
[0mGET /pictureType?type=meixiong&perPage=4&page=1 [32m200 [0m5.665 ms - 70[0m
[0mGET /pictureType?type=chaoduanku&perPage=4&page=1 [32m200 [0m2.898 ms - 236[0m
[0mGET /images/2/1575981162676.jpg [36m304 [0m0.341 ms - -[0m
[0mGET /pictureType?type=baotunqun&perPage=4&page=1 [36m304 [0m2.411 ms - -[0m
[0mGET /pictureType?type=chaoduanku&perPage=4&page=1 [36m304 [0m12.135 ms - -[0m
[0mGET /images/2/1575981162676.jpg [36m304 [0m0.355 ms - -[0m
[0mGET /pictureType?type=baotunqun&perPage=4&page=1 [36m304 [0m3.843 ms - -[0m
[0mGET /pictureType?type=chaoduanku&perPage=4&page=1 [36m304 [0m3.054 ms - -[0m
[0mGET /images/2/1575981162676.jpg [36m304 [0m0.421 ms - -[0m
[0mGET /pictureType?type=niuzaiku&perPage=4&page=1 [32m200 [0m2.707 ms - 235[0m
[0mGET /images/3/1576017417931.JPG [36m304 [0m0.408 ms - -[0m
[0mGET /pictureType?type=meitui&perPage=4&page=1 [36m304 [0m2.220 ms - -[0m
[0mGET /pictureType?type=meixiong&perPage=4&page=1 [36m304 [0m1.976 ms - -[0m
[0mGET /pictureType?type=mote&perPage=4&page=1 [32m200 [0m1.671 ms - 70[0m
[0mGET /pictureType?type=new&perPage=4&page=1 [36m304 [0m3.924 ms - -[0m
[0mGET /images/2/1575981162676.jpg [36m304 [0m0.332 ms - -[0m
[0mGET /images/3/1576017417931.JPG [36m304 [0m0.294 ms - -[0m
[0mGET /login/islogin [36m304 [0m0.302 ms - -[0m
[0mGET /pictureType?type=new&perPage=4&page=1 [32m200 [0m9.708 ms - 402[0m
[0mGET /images/2/1575981162676.jpg [36m304 [0m0.517 ms - -[0m
[0mGET /images/3/1576017417931.JPG [36m304 [0m0.244 ms - -[0m
[0mGET /login/islogin [36m304 [0m0.278 ms - -[0m
5df01e099118af5d34d93103
[0mGET /pictureDetail?id=5df01e099118af5d34d93103 [32m200 [0m2.249 ms - 222[0m
[0mGET /images/3/1576017417933.JPG [32m200 [0m0.679 ms - 109551[0m
[0mPOST /collect [0m- [0m- ms - -[0m
[0mPOST /collect [0m- [0m- ms - -[0m
[0mGET /login/islogin [36m304 [0m0.233 ms - -[0m
5def906a12b9274583580165
[0mGET /pictureDetail?id=5def906a12b9274583580165 [36m304 [0m3.389 ms - -[0m
[0mGET /images/2/1575981162677.jpg [36m304 [0m0.335 ms - -[0m
[0mPOST /collect [0m- [0m- ms - -[0m
[0mGET /pictureType?type=baotunqun&perPage=4&page=1 [36m304 [0m2.524 ms - -[0m
[0mGET /pictureType?type=new&perPage=4&page=1 [32m200 [0m3.240 ms - 402[0m
[0mGET /images/2/1575981162676.jpg [36m304 [0m0.326 ms - -[0m
[0mGET /images/3/1576017417931.JPG [36m304 [0m0.344 ms - -[0m
[0mGET /login/islogin [36m304 [0m0.251 ms - -[0m
[0mGET /pictureType?type=new&perPage=4&page=1 [36m304 [0m4.040 ms - -[0m
[0mGET /images/2/1575981162676.jpg [36m304 [0m3.207 ms - -[0m
[0mGET /images/3/1576017417931.JPG [36m304 [0m0.465 ms - -[0m
[0mGET /login/islogin [36m304 [0m0.292 ms - -[0m
[0mGET /login/islogin [36m304 [0m0.321 ms - -[0m
[0mGET /pictureType?type=new&perPage=4&page=1 [36m304 [0m9.924 ms - -[0m
[0mGET /images/3/1576017417931.JPG [36m304 [0m0.426 ms - -[0m
[0mGET /images/2/1575981162676.jpg [36m304 [0m0.384 ms - -[0m
[0mGET /login/islogin [36m304 [0m0.245 ms - -[0m
[0mGET /pictureType?type=new&perPage=4&page=1 [36m304 [0m2.946 ms - -[0m
[0mGET /images/2/1575981162676.jpg [36m304 [0m0.388 ms - -[0m
[0mGET /images/3/1576017417931.JPG [36m304 [0m1.806 ms - -[0m
[0mGET /pictureType?type=meitui&perPage=4&page=1 [36m304 [0m2.082 ms - -[0m
[0mGET /pictureType?type=zipai&perPage=4&page=1 [36m304 [0m5.084 ms - -[0m
[0mGET /pictureType?type=niuzaiku&perPage=4&page=1 [36m304 [0m3.344 ms - -[0m
[0mGET /images/3/1576017417931.JPG [36m304 [0m0.484 ms - -[0m
[0mGET /pictureType?type=niuzaiku&perPage=4&page=1 [36m304 [0m4.214 ms - -[0m
[0mGET /images/3/1576017417931.JPG [36m304 [0m0.337 ms - -[0m
[0mGET /pictureType?type=ChinaJoy&perPage=4&page=1 [32m200 [0m1.939 ms - 70[0m
[0mGET /pictureType?type=meitui&perPage=4&page=1 [36m304 [0m2.125 ms - -[0m
[0mGET /pictureType?type=chaoduanku&perPage=4&page=1 [36m304 [0m3.145 ms - -[0m
[0mGET /images/2/1575981162676.jpg [36m304 [0m0.455 ms - -[0m
[0mGET /pictureType?type=niuzaiku&perPage=4&page=1 [36m304 [0m3.752 ms - -[0m
[0mGET /images/3/1576017417931.JPG [36m304 [0m1.923 ms - -[0m
[0mGET /pictureType?type=mote&perPage=4&page=1 [36m304 [0m3.876 ms - -[0m
[0mGET /pictureType?type=meixiong&perPage=4&page=1 [36m304 [0m2.979 ms - -[0m
[0mGET /pictureType?type=meitui&perPage=4&page=1 [36m304 [0m4.961 ms - -[0m
[0mGET /pictureType?type=meixiong&perPage=4&page=1 [36m304 [0m2.575 ms - -[0m
[0mGET /pictureType?type=meitui&perPage=4&page=1 [36m304 [0m1.918 ms - -[0m
[0mGET /pictureType?type=meixiong&perPage=4&page=1 [36m304 [0m1.875 ms - -[0m
[0mGET /pictureType?type=chaoduanku&perPage=4&page=1 [36m304 [0m4.273 ms - -[0m
[0mGET /images/2/1575981162676.jpg [36m304 [0m0.581 ms - -[0m
[0mGET /pictureType?type=new&perPage=4&page=1 [36m304 [0m2.932 ms - -[0m
[0mGET /images/2/1575981162676.jpg [36m304 [0m0.405 ms - -[0m
[0mGET /images/3/1576017417931.JPG [36m304 [0m0.249 ms - -[0m
[0mGET /pictureType?type=meitui&perPage=4&page=1 [36m304 [0m2.506 ms - -[0m
[0mGET /pictureType?type=meixiong&perPage=4&page=1 [36m304 [0m1.722 ms - -[0m
[0mGET /pictureType?type=mote&perPage=4&page=1 [36m304 [0m2.427 ms - -[0m
[0mGET /pictureType?type=niuzaiku&perPage=4&page=1 [36m304 [0m2.929 ms - -[0m
[0mGET /images/3/1576017417931.JPG [36m304 [0m0.381 ms - -[0m
[0mGET /pictureType?type=meitui&perPage=4&page=1 [36m304 [0m2.413 ms - -[0m
[0mGET /pictureType?type=meixiong&perPage=4&page=1 [36m304 [0m2.335 ms - -[0m
[0mGET /pictureType?type=chaoduanku&perPage=4&page=1 [36m304 [0m3.161 ms - -[0m
[0mGET /images/2/1575981162676.jpg [36m304 [0m0.373 ms - -[0m
[0mGET /pictureType?type=niuzaiku&perPage=4&page=1 [36m304 [0m2.844 ms - -[0m
[0mGET /images/3/1576017417931.JPG [36m304 [0m0.355 ms - -[0m
5df01e099118af5d34d93103
[0mGET /pictureDetail?id=5df01e099118af5d34d93103 [36m304 [0m2.412 ms - -[0m
[0mGET /login/islogin [36m304 [0m0.236 ms - -[0m
[0mGET /images/3/1576017417933.JPG [36m304 [0m0.355 ms - -[0m
[0mGET /login/islogin [36m304 [0m0.295 ms - -[0m
[0mGET / [0m- [0m- ms - -[0m
[0mGET /login/islogin [32m200 [0m0.314 ms - 51[0m
[0mGET /pictureType?type=new&perPage=4&page=1 [36m304 [0m3.255 ms - -[0m
[0mGET /images/2/1575981162676.jpg [36m304 [0m0.766 ms - -[0m
[0mGET /images/3/1576017417931.JPG [36m304 [0m0.476 ms - -[0m
[0mGET /pictureType?type=chaoduanku&perPage=4&page=1 [36m304 [0m3.166 ms - -[0m
[0mGET /images/2/1575981162676.jpg [36m304 [0m0.319 ms - -[0m
[0mGET /pictureType?type=niuzaiku&perPage=4&page=1 [36m304 [0m3.365 ms - -[0m
[0mGET /images/3/1576017417931.JPG [36m304 [0m0.311 ms - -[0m
[0mGET /pictureType?type=meitui&perPage=4&page=1 [36m304 [0m1.912 ms - -[0m
[0mGET /pictureType?type=niuzaiku&perPage=4&page=1 [36m304 [0m5.235 ms - -[0m
[0mGET /images/3/1576017417931.JPG [36m304 [0m0.359 ms - -[0m
[0mGET /pictureType?type=chaoduanku&perPage=4&page=1 [36m304 [0m3.344 ms - -[0m
[0mGET /images/2/1575981162676.jpg [36m304 [0m0.390 ms - -[0m
[0mGET /pictureType?type=new&perPage=4&page=1 [36m304 [0m5.487 ms - -[0m
[0mGET /images/3/1576017417931.JPG [36m304 [0m0.336 ms - -[0m
[0mGET /images/2/1575981162676.jpg [36m304 [0m0.324 ms - -[0m
[0mGET /login/islogin [36m304 [0m0.308 ms - -[0m
request data:  { host: 'yun.tim.qq.com',
  path: '/v5/tlssmssvr/sendsms?sdkappid=1400283544&random=73867',
  method: 'POST',
  headers: { 'Content-Type': 'application/json' },
  body: 
   { tel: { nationcode: '86', mobile: '18515471826' },
     sign: '宁乡艾客访网络工作室',
     tpl_id: 477456,
     params: [ 9180, 1 ],
     sig: '9faa1fd16d9c8fc482e6c1debcd98041ebf1d8be59970a2517eeb0d12c1a27e9',
     time: 1576025570,
     extend: '',
     ext: '' } }
response data:  { result: 1025, errmsg: '手机号日频率限制', ext: '' }
[0mPOST /login/getCode [0m- [0m- ms - -[0m
request data:  { host: 'yun.tim.qq.com',
  path: '/v5/tlssmssvr/sendsms?sdkappid=1400283544&random=35077',
  method: 'POST',
  headers: { 'Content-Type': 'application/json' },
  body: 
   { tel: { nationcode: '86', mobile: '18515471826' },
     sign: '宁乡艾客访网络工作室',
     tpl_id: 477456,
     params: [ 1762, 1 ],
     sig: 'e4ee99b9e3d71be301afc15e4be2ad3c1b59dee3f42d5b8572bbd47185617feb',
     time: 1576025580,
     extend: '',
     ext: '' } }
response data:  { result: 1025, errmsg: '手机号日频率限制', ext: '' }
[0mPOST /login/getCode [0m- [0m- ms - -[0m
request data:  { host: 'yun.tim.qq.com',
  path: '/v5/tlssmssvr/sendsms?sdkappid=1400283544&random=10896',
  method: 'POST',
  headers: { 'Content-Type': 'application/json' },
  body: 
   { tel: { nationcode: '86', mobile: '15120856128' },
     sign: '宁乡艾客访网络工作室',
     tpl_id: 477456,
     params: [ 7319, 1 ],
     sig: '59a3f2720e76d4402099b3bec870eefab6195f380a8587aef22c5d46b7b9290a',
     time: 1576025599,
     extend: '',
     ext: '' } }
response data:  { result: 0,
  errmsg: 'OK',
  ext: '',
  sid: '8:RBgmZwHAzIqWpaTWnRh20191211',
  fee: 1 }
[0mPOST /register/getCode [0m- [0m- ms - -[0m
request data:  { host: 'yun.tim.qq.com',
  path: '/v5/tlssmssvr/sendsms?sdkappid=1400283544&random=51301',
  method: 'POST',
  headers: { 'Content-Type': 'application/json' },
  body: 
   { tel: { nationcode: '86', mobile: '15120856128' },
     sign: '宁乡艾客访网络工作室',
     tpl_id: 477456,
     params: [ 3813, 1 ],
     sig: '7332123be629b911b3613e12ad434af6a04d56717ac010f705fbac2796d31068',
     time: 1576025609,
     extend: '',
     ext: '' } }
response data:  { result: 1023, errmsg: '手机号30秒频率限制', ext: '' }
request data:  { host: 'yun.tim.qq.com',
  path: '/v5/tlssmssvr/sendsms?sdkappid=1400283544&random=97964',
  method: 'POST',
  headers: { 'Content-Type': 'application/json' },
  body: 
   { tel: { nationcode: '86', mobile: '15120056128' },
     sign: '宁乡艾客访网络工作室',
     tpl_id: 477456,
     params: [ 2019, 1 ],
     sig: 'da50d47f41748c81b702cf519db9d1e1d927c1d72bf5bf31d6311226a8abfd04',
     time: 1576025617,
     extend: '',
     ext: '' } }
response data:  { result: 0,
  errmsg: 'OK',
  ext: '',
  sid: '8:zFSp2qycGoMigTO5Fdp20191211',
  fee: 1 }
[0mPOST /register/getCode [0m- [0m- ms - -[0m
request data:  { host: 'yun.tim.qq.com',
  path: '/v5/tlssmssvr/sendsms?sdkappid=1400283544&random=58847',
  method: 'POST',
  headers: { 'Content-Type': 'application/json' },
  body: 
   { tel: { nationcode: '86', mobile: '15120056128' },
     sign: '宁乡艾客访网络工作室',
     tpl_id: 477456,
     params: [ 4912, 1 ],
     sig: '733074733dcc7578c05155a2fdafb4572fe89f65d202c664c0dc5f068a46a0e3',
     time: 1576025628,
     extend: '',
     ext: '' } }
response data:  { result: 1023, errmsg: '手机号30秒频率限制', ext: '' }
[0mPOST /register [32m200 [0m0.872 ms - 54[0m
[0mPOST /register [32m200 [0m0.595 ms - 54[0m
[0mPOST /register/getCode [0m- [0m- ms - -[0m
request data:  { host: 'yun.tim.qq.com',
  path: '/v5/tlssmssvr/sendsms?sdkappid=1400283544&random=13943',
  method: 'POST',
  headers: { 'Content-Type': 'application/json' },
  body: 
   { tel: { nationcode: '86', mobile: '15120856128' },
     sign: '宁乡艾客访网络工作室',
     tpl_id: 477456,
     params: [ 1015, 1 ],
     sig: '45a0cb393e9c6d6cdfd6bffd7004a7eefb3b8ef4c6470033f2324814063dcf9c',
     time: 1576025669,
     extend: '',
     ext: '' } }
response data:  { result: 0,
  errmsg: 'OK',
  ext: '',
  sid: '8:eI9j5QjLYOWTCZFqQF820191211',
  fee: 1 }
[0mPOST /register [32m200 [0m0.633 ms - 54[0m
[0mPOST /register/getCode [0m- [0m- ms - -[0m
request data:  { host: 'yun.tim.qq.com',
  path: '/v5/tlssmssvr/sendsms?sdkappid=1400283544&random=14132',
  method: 'POST',
  headers: { 'Content-Type': 'application/json' },
  body: 
   { tel: { nationcode: '86', mobile: '15120056128' },
     sign: '宁乡艾客访网络工作室',
     tpl_id: 477456,
     params: [ 4933, 1 ],
     sig: 'f0c0555b8b87b37bf84b2f9d6ab9817c4f6e9ec18639b7909479dbadc6f2cf35',
     time: 1576025688,
     extend: '',
     ext: '' } }
response data:  { result: 0,
  errmsg: 'OK',
  ext: '',
  sid: '8:es4b148UcJNDL3jaBOl20191211',
  fee: 1 }
[0mPOST /register [32m200 [0m23.490 ms - 45[0m
[0mGET /login [0m- [0m- ms - -[0m
[0mPOST /register/getCode [0m- [0m- ms - -[0m
[0mPOST /register/getCode [0m- [0m- ms - -[0m
[0mGET /login [0m- [0m- ms - -[0m
[0mGET /pictureType?type=niuzaiku&perPage=4&page=1 [36m304 [0m2.587 ms - -[0m
[0mGET /images/3/1576017417931.JPG [36m304 [0m1.930 ms - -[0m
[0mGET /pictureType?type=chaoduanku&perPage=4&page=1 [36m304 [0m3.371 ms - -[0m
[0mGET /images/2/1575981162676.jpg [36m304 [0m2.403 ms - -[0m
[0mGET /login/islogin [32m200 [0m0.326 ms - 110[0m
[0mGET /collect/pictureList [32m200 [0m1.870 ms - 77[0m
[0mGET /login/islogin [36m304 [0m0.320 ms - -[0m
[0mGET /pictureType?type=new&perPage=4&page=1%26tel [36m304 [0m2.993 ms - -[0m
[0mGET /images/2/1575981162676.jpg [36m304 [0m1.267 ms - -[0m
[0mGET /images/3/1576017417931.JPG [36m304 [0m1.140 ms - -[0m
[0mGET /login/islogin [36m304 [0m0.389 ms - -[0m
5def906a12b9274583580165
[0mGET /pictureDetail?id=5def906a12b9274583580165 [36m304 [0m3.650 ms - -[0m
[0mGET /images/2/1575981162677.jpg [36m304 [0m1.443 ms - -[0m
[0mPOST /collect [32m200 [0m14.201 ms - 43[0m
[0mGET /images/2/1575981162676.jpg [36m304 [0m1.236 ms - -[0m
[0mGET /images/3/1576017417931.JPG [36m304 [0m2.424 ms - -[0m
[0mGET /login/islogin [36m304 [0m0.298 ms - -[0m
[0mGET /collect/pictureList [32m200 [0m4.113 ms - 243[0m
[0mGET /images/2/1575981162676.jpg [36m304 [0m1.198 ms - -[0m
[0mGET /login/islogin [36m304 [0m0.331 ms - -[0m
5def906a12b9274583580165
[0mGET /pictureDetail?id=5def906a12b9274583580165 [36m304 [0m1.963 ms - -[0m
[0mGET /images/2/1575981162677.jpg [36m304 [0m1.158 ms - -[0m
[0mGET /images/2/1575981162676.jpg [36m304 [0m1.204 ms - -[0m
[0mGET /login/islogin [36m304 [0m0.420 ms - -[0m
[0mGET /pictureType?type=new&perPage=4&page=1%26tel [36m304 [0m5.491 ms - -[0m
[0mGET /images/2/1575981162676.jpg [36m304 [0m1.185 ms - -[0m
[0mGET /images/3/1576017417931.JPG [36m304 [0m1.286 ms - -[0m
[0mGET /login/islogin [36m304 [0m0.351 ms - -[0m
[0mGET /collect/pictureList [36m304 [0m1.654 ms - -[0m
[0mGET /images/2/1575981162676.jpg [36m304 [0m1.387 ms - -[0m
[0mGET /login/islogin [36m304 [0m0.290 ms - -[0m
[0mGET /pictureType?type=new&perPage=4&page=1%26tel [36m304 [0m4.396 ms - -[0m
[0mGET /images/2/1575981162676.jpg [36m304 [0m1.430 ms - -[0m
[0mGET /images/3/1576017417931.JPG [36m304 [0m1.296 ms - -[0m
[0mGET /login [0m- [0m- ms - -[0m
undefined
[0mGET /register [0m- [0m- ms - -[0m
[0mGET /login.action [0m- [0m- ms - -[0m
[0mPOST /login.action [0m- [0m- ms - -[0m
[0mGET /login.action/(%23_memberAccess=@ognl.OgnlContext@DEFAULT_MEMBER_ACCESS)%3F(%23req=@org.apache.struts2.ServletActionContext@getRequest(),%23wr=%23context[%23parameters.obj[0]].getWriter(),%23wr.println(%23req.getRealPath(%23parameters.pp[0])),%23wr.flush(),%23wr.close()):xx.toString.json?&obj=com.opensymphony.xwork2.dispatcher.HttpServletResponse&pp=%2f [0m- [0m- ms - -[0m
[0mPOST /login.action [0m- [0m- ms - -[0m
[0mGET /login.action?debug=browser&object=(%23_memberAccess=@ognl.OgnlContext@DEFAULT_MEMBER_ACCESS)%3f(%23context%5B%23parameters.rpsobj%5B0%5D%5D.getWriter().println(%23context%5B%23parameters.reqobj%5B0%5D%5D.getRealPath(%23parameters.pp%5B0%5D))):sb.toString.json&rpsobj=com.opensymphony.xwork2.dispatcher.HttpServletResponse&command=Is-Struts2-Vul-URL&pp=%2f&reqobj=com.opensymphony.xwork2.dispatcher.HttpServletRequest [0m- [0m- ms - -[0m
[0mGET /login/islogin [32m200 [0m0.292 ms - 51[0m
[0mGET /login [0m- [0m- ms - -[0m
[0mGET /collect [0m- [0m- ms - -[0m
[0mGET /pictureType?type=niuzaiku&perPage=4&page=1 [36m304 [0m4.679 ms - -[0m
[0mGET /images/3/1576017417931.JPG [36m304 [0m1.923 ms - -[0m
[0mGET /pictureType?type=chaoduanku&perPage=4&page=1 [36m304 [0m2.714 ms - -[0m
[0mGET /images/2/1575981162676.jpg [36m304 [0m0.395 ms - -[0m
[0mGET /pictureType?type=new&perPage=4&page=1 [36m304 [0m18.240 ms - -[0m
[0mGET /images/2/1575981162676.jpg [36m304 [0m0.393 ms - -[0m
[0mGET /images/3/1576017417931.JPG [36m304 [0m0.330 ms - -[0m
[0mGET /login/islogin [32m200 [0m0.322 ms - 51[0m
request data:  { host: 'yun.tim.qq.com',
  path: '/v5/tlssmssvr/sendsms?sdkappid=1400283544&random=78987',
  method: 'POST',
  headers: { 'Content-Type': 'application/json' },
  body: 
   { tel: { nationcode: '86', mobile: '18515471826' },
     sign: '宁乡艾客访网络工作室',
     tpl_id: 477456,
     params: [ 2227, 1 ],
     sig: 'ebde2d37051697c446f254c9e0ed51dbd4c90d42de2a1da11901f78221dd7901',
     time: 1576050365,
     extend: '',
     ext: '' } }
response data:  { result: 1025, errmsg: '手机号日频率限制', ext: '' }
request data:  { host: 'yun.tim.qq.com',
  path: '/v5/tlssmssvr/sendsms?sdkappid=1400283544&random=2785',
  method: 'POST',
  headers: { 'Content-Type': 'application/json' },
  body: 
   { tel: { nationcode: '86', mobile: '18515471826' },
     sign: '宁乡艾客访网络工作室',
     tpl_id: 477456,
     params: [ 8391, 1 ],
     sig: '2a1e00feb09f8fe3dc16946e7aa8b6fd3a07b087292ebfd2b4ca72451bfb7bec',
     time: 1576050375,
     extend: '',
     ext: '' } }
response data:  { result: 1023, errmsg: '手机号30秒频率限制', ext: '' }
[0mPOST /login/getCode [0m- [0m- ms - -[0m
request data:  { host: 'yun.tim.qq.com',
  path: '/v5/tlssmssvr/sendsms?sdkappid=1400283544&random=42599',
  method: 'POST',
  headers: { 'Content-Type': 'application/json' },
  body: 
   { tel: { nationcode: '86', mobile: '15120056128' },
     sign: '宁乡艾客访网络工作室',
     tpl_id: 477456,
     params: [ 4673, 1 ],
     sig: 'a6ffec8f5ab4f9638369ffe0d41e08cd87e031b29205bb6eac88d415106d784a',
     time: 1576050433,
     extend: '',
     ext: '' } }
response data:  { result: 0,
  errmsg: 'OK',
  ext: '',
  sid: '8:L6pHJDFQDXtlLTZ7hVW20191211',
  fee: 1 }
[0mPOST /login/getCode [0m- [0m- ms - -[0m
request data:  { host: 'yun.tim.qq.com',
  path: '/v5/tlssmssvr/sendsms?sdkappid=1400283544&random=50737',
  method: 'POST',
  headers: { 'Content-Type': 'application/json' },
  body: 
   { tel: { nationcode: '86', mobile: '18515471826' },
     sign: '宁乡艾客访网络工作室',
     tpl_id: 477456,
     params: [ 5533, 1 ],
     sig: 'a1e52b8914675862d36532cc1ab05079d379965b348ae462b03e207b510e35a3',
     time: 1576050435,
     extend: '',
     ext: '' } }
response data:  { result: 1025, errmsg: '手机号日频率限制', ext: '' }
request data:  { host: 'yun.tim.qq.com',
  path: '/v5/tlssmssvr/sendsms?sdkappid=1400283544&random=5078',
  method: 'POST',
  headers: { 'Content-Type': 'application/json' },
  body: 
   { tel: { nationcode: '86', mobile: '15120056128' },
     sign: '宁乡艾客访网络工作室',
     tpl_id: 477456,
     params: [ 7177, 1 ],
     sig: 'ef3fb00adfc997875cef7a9817e3f8672ef8d642abc2b122f8d5fb334cee059e',
     time: 1576050443,
     extend: '',
     ext: '' } }
response data:  { result: 1023, errmsg: '手机号30秒频率限制', ext: '' }
[0mPOST /login/getCode [0m- [0m- ms - -[0m
[0mPOST /login [32m200 [0m2.635 ms - 48[0m
[0mPOST /login [32m200 [0m2.094 ms - 48[0m
[0mPOST /login [32m200 [0m5.927 ms - 48[0m
[0mPOST /login/getCode [0m- [0m- ms - -[0m
[0mPOST /login/getCode [0m- [0m- ms - -[0m
[0mGET /pictureType?type=niuzaiku&perPage=4&page=1 [36m304 [0m3.467 ms - -[0m
[0mGET /images/3/1576017417931.JPG [36m304 [0m0.446 ms - -[0m
[0mGET /login/islogin [36m304 [0m0.237 ms - -[0m
request data:  { host: 'yun.tim.qq.com',
  path: '/v5/tlssmssvr/sendsms?sdkappid=1400283544&random=75118',
  method: 'POST',
  headers: { 'Content-Type': 'application/json' },
  body: 
   { tel: { nationcode: '86', mobile: '15120056128' },
     sign: '宁乡艾客访网络工作室',
     tpl_id: 477456,
     params: [ 8330, 1 ],
     sig: 'a3ac5f7fba9b2de411a208fa57275bd8cbe53dcf5906ca7832d7d3e6ea8a8fbd',
     time: 1576050499,
     extend: '',
     ext: '' } }
response data:  { result: 0,
  errmsg: 'OK',
  ext: '',
  sid: '8:uWFQA5Sn6qgySt6B6BE20191211',
  fee: 1 }
[0mPOST /login/getCode [0m- [0m- ms - -[0m
request data:  { host: 'yun.tim.qq.com',
  path: '/v5/tlssmssvr/sendsms?sdkappid=1400283544&random=49943',
  method: 'POST',
  headers: { 'Content-Type': 'application/json' },
  body: 
   { tel: { nationcode: '86', mobile: '15120056128' },
     sign: '宁乡艾客访网络工作室',
     tpl_id: 477456,
     params: [ 1645, 1 ],
     sig: '9dcbf62c7298a3331b4f327d393553fd0d02732111739ace0542a65d7dd89b7f',
     time: 1576050509,
     extend: '',
     ext: '' } }
response data:  { result: 1023, errmsg: '手机号30秒频率限制', ext: '' }
[0mPOST /login [32m200 [0m2.191 ms - 48[0m
[0mPOST /login [32m200 [0m2.143 ms - 48[0m
[0mPOST /login [32m200 [0m3.211 ms - 48[0m
[0mPOST /login/getCode [0m- [0m- ms - -[0m
request data:  { host: 'yun.tim.qq.com',
  path: '/v5/tlssmssvr/sendsms?sdkappid=1400283544&random=14300',
  method: 'POST',
  headers: { 'Content-Type': 'application/json' },
  body: 
   { tel: { nationcode: '86', mobile: '15120056128' },
     sign: '宁乡艾客访网络工作室',
     tpl_id: 477456,
     params: [ 1461, 1 ],
     sig: '037ba2cb722417d5f7c29c53523274164df28ea5405def3eca0154a34e13866b',
     time: 1576050569,
     extend: '',
     ext: '' } }
response data:  { result: 0,
  errmsg: 'OK',
  ext: '',
  sid: '8:ZPPQt5wMZ3adtREFXAi20191211',
  fee: 1 }
[0mPOST /login [32m200 [0m12.861 ms - 45[0m
[0mPOST /login/getCode [0m- [0m- ms - -[0m
[0mGET /login/islogin [32m200 [0m0.387 ms - 276[0m
[0mGET /collect/pictureList [36m304 [0m2.315 ms - -[0m
[0mGET /images/2/1575981162676.jpg [36m304 [0m2.096 ms - -[0m
[0mGET /login/islogin [36m304 [0m0.298 ms - -[0m
[0mGET /login/islogin [36m304 [0m0.340 ms - -[0m
[0mGET /pictureType?type=new&perPage=4&page=1%26tel [36m304 [0m7.124 ms - -[0m
[0mGET /images/2/1575981162676.jpg [36m304 [0m1.807 ms - -[0m
[0mGET /images/3/1576017417931.JPG [36m304 [0m2.402 ms - -[0m
[0mGET /login/islogin [36m304 [0m0.386 ms - -[0m
5df01e099118af5d34d93103
[0mGET /pictureDetail?id=5df01e099118af5d34d93103 [36m304 [0m2.109 ms - -[0m
[0mGET /images/3/1576017417933.JPG [36m304 [0m5.420 ms - -[0m
[0mPOST /collect [32m200 [0m10.936 ms - 43[0m
[0mPOST /collect [32m200 [0m1.970 ms - 54[0m
[0mGET /images/3/1576017417931.JPG [36m304 [0m3.441 ms - -[0m
[0mGET /images/2/1575981162676.jpg [36m304 [0m5.830 ms - -[0m
[0mGET /login/islogin [36m304 [0m0.422 ms - -[0m
[0mGET /collect/pictureList [32m200 [0m1.667 ms - 409[0m
[0mGET /images/2/1575981162676.jpg [36m304 [0m2.805 ms - -[0m
[0mGET /images/3/1576017417931.JPG [36m304 [0m2.040 ms - -[0m
[0mGET /login/islogin [36m304 [0m0.354 ms - -[0m
5df01e099118af5d34d93103
[0mGET /pictureDetail?id=5df01e099118af5d34d93103 [36m304 [0m2.186 ms - -[0m
[0mGET /images/3/1576017417933.JPG [36m304 [0m1.218 ms - -[0m
[0mGET /images/2/1575981162676.jpg [36m304 [0m1.301 ms - -[0m
[0mGET /images/3/1576017417931.JPG [36m304 [0m1.155 ms - -[0m
5def906a12b9274583580165
[0mGET /pictureDetail?id=5def906a12b9274583580165 [36m304 [0m1.892 ms - -[0m
[0mGET /login/islogin [36m304 [0m0.295 ms - -[0m
[0mGET /images/2/1575981162677.jpg [36m304 [0m1.501 ms - -[0m
[0mPOST /collect [32m200 [0m2.796 ms - 54[0m
[0mGET /images/2/1575981162676.jpg [36m304 [0m2.901 ms - -[0m
[0mGET /images/3/1576017417931.JPG [36m304 [0m1.224 ms - -[0m
[0mGET /login/islogin [36m304 [0m0.470 ms - -[0m
[0mGET /pictureType?type=new&perPage=4&page=1%26tel [36m304 [0m4.716 ms - -[0m
[0mGET /images/2/1575981162676.jpg [36m304 [0m2.198 ms - -[0m
[0mGET /images/3/1576017417931.JPG [36m304 [0m1.177 ms - -[0m
[0mGET /login/islogin [36m304 [0m0.463 ms - -[0m
